[debug] [2023-09-11T12:18:50.356Z] ----------------------------------------------------------------------
[debug] [2023-09-11T12:18:50.364Z] Command:       C:\Program Files\nodejs\node.exe C:\Users\Admin\AppData\Roaming\npm\node_modules\firebase-tools\lib\bin\firebase.js deploy
[debug] [2023-09-11T12:18:50.365Z] CLI Version:   12.5.2
[debug] [2023-09-11T12:18:50.366Z] Platform:      win32
[debug] [2023-09-11T12:18:50.366Z] Node Version:  v18.14.1
[debug] [2023-09-11T12:18:50.368Z] Time:          Mon Sep 11 2023 14:18:50 GMT+0200 (South Africa Standard Time)
[debug] [2023-09-11T12:18:50.368Z] ----------------------------------------------------------------------
[debug] 
[debug] [2023-09-11T12:18:50.435Z] >>> [apiv2][query] GET https://firebase-public.firebaseio.com/cli.json [none]
[debug] [2023-09-11T12:18:50.774Z] > command requires scopes: ["email","openid","https://www.googleapis.com/auth/cloudplatformprojects.readonly","https://www.googleapis.com/auth/firebase","https://www.googleapis.com/auth/cloud-platform"]
[debug] [2023-09-11T12:18:50.775Z] > authorizing via signed-in user (kekanaodirile@gmail.com)
[debug] [2023-09-11T12:18:50.775Z] [iam] checking project hotelapp-25306 for permissions ["firebase.projects.get","firebasehosting.sites.update"]
[debug] [2023-09-11T12:18:50.776Z] > refreshing access token with scopes: []
[debug] [2023-09-11T12:18:50.777Z] >>> [apiv2][query] POST https://www.googleapis.com/oauth2/v3/token [none]
[debug] [2023-09-11T12:18:50.777Z] >>> [apiv2][body] POST https://www.googleapis.com/oauth2/v3/token [omitted]
[debug] [2023-09-11T12:19:11.826Z] *** [apiv2] error from fetch(https://firebase-public.firebaseio.com/cli.json, {"headers":{},"method":"GET"}): FetchError: request to https://firebase-public.firebaseio.com/cli.json failed, reason: connect ETIMEDOUT 34.120.160.131:443
[warn] !  Unable to fetch the CLI MOTD and remote config. 
[debug] [2023-09-11T12:19:11.833Z] Failed to fetch MOTD FirebaseError: Failed to make request to https://firebase-public.firebaseio.com/cli.json
[debug] [2023-09-11T12:19:11.884Z] *** [apiv2] error from fetch(https://www.googleapis.com/oauth2/v3/token, {"headers":{},"method":"POST","body":{"_overheadLength":545,"_valueLength":212,"_valuesToMeasure":[],"writable":false,"readable":true,"dataSize":0,"maxDataSize":2097152,"pauseStreams":true,"_released":true,"_streams":[],"_currentStream":null,"_insideLoop":false,"_pendingNext":false,"_boundary":"--------------------------213550096171364405606787","_events":{},"_eventsCount":1}}): FetchError: request to https://www.googleapis.com/oauth2/v3/token failed, reason: connect ETIMEDOUT 142.251.47.106:443
[debug] [2023-09-11T12:19:11.885Z] [iam] error while checking permissions, command may fail: FirebaseError: Authentication Error: Your credentials are no longer valid. Please run firebase login --reauth

For CI servers and headless environments, generate a new token with firebase login:ci
[debug] [2023-09-11T12:19:11.888Z] > refreshing access token with scopes: []
[debug] [2023-09-11T12:19:11.889Z] >>> [apiv2][query] POST https://www.googleapis.com/oauth2/v3/token [none]
[debug] [2023-09-11T12:19:11.890Z] >>> [apiv2][body] POST https://www.googleapis.com/oauth2/v3/token [omitted]
[debug] [2023-09-11T12:19:12.394Z] <<< [apiv2][status] POST https://www.googleapis.com/oauth2/v3/token 200
[debug] [2023-09-11T12:19:12.394Z] <<< [apiv2][body] POST https://www.googleapis.com/oauth2/v3/token [omitted]
[debug] [2023-09-11T12:19:12.648Z] >>> [apiv2][query] GET https://firebase.googleapis.com/v1beta1/projects/hotelapp-25306 [none]
[debug] [2023-09-11T12:19:33.696Z] *** [apiv2] error from fetch(https://firebase.googleapis.com/v1beta1/projects/hotelapp-25306, {"headers":{},"method":"GET","signal":{}}): FetchError: request to https://firebase.googleapis.com/v1beta1/projects/hotelapp-25306 failed, reason: connect ETIMEDOUT 142.251.47.202:443
[debug] [2023-09-11T12:19:33.697Z] Failed to make request to https://firebase.googleapis.com/v1beta1/projects/hotelapp-25306 (original: request to https://firebase.googleapis.com/v1beta1/projects/hotelapp-25306 failed, reason: connect ETIMEDOUT 142.251.47.202:443)
[debug] [2023-09-11T12:19:34.156Z] FirebaseError: Failed to make request to https://firebase.googleapis.com/v1beta1/projects/hotelapp-25306
    at RetryOperation._fn (C:\Users\Admin\AppData\Roaming\npm\node_modules\firebase-tools\lib\apiv2.js:239:31)
    at process.processTicksAndRejections (node:internal/process/task_queues:95:5)
[error] 
[error] Error: Failed to get Firebase project hotelapp-25306. Please make sure the project exists and your account has permission to access it.
[debug] [2023-09-11T12:33:31.731Z] ----------------------------------------------------------------------
[debug] [2023-09-11T12:33:31.734Z] Command:       C:\Program Files\nodejs\node.exe C:\Users\Admin\AppData\Roaming\npm\node_modules\firebase-tools\lib\bin\firebase.js deploy
[debug] [2023-09-11T12:33:31.734Z] CLI Version:   12.5.2
[debug] [2023-09-11T12:33:31.735Z] Platform:      win32
[debug] [2023-09-11T12:33:31.735Z] Node Version:  v18.14.1
[debug] [2023-09-11T12:33:31.736Z] Time:          Mon Sep 11 2023 14:33:31 GMT+0200 (South Africa Standard Time)
[debug] [2023-09-11T12:33:31.736Z] ----------------------------------------------------------------------
[debug] 
[debug] [2023-09-11T12:33:31.741Z] >>> [apiv2][query] GET https://firebase-public.firebaseio.com/cli.json [none]
[debug] [2023-09-11T12:33:31.897Z] > command requires scopes: ["email","openid","https://www.googleapis.com/auth/cloudplatformprojects.readonly","https://www.googleapis.com/auth/firebase","https://www.googleapis.com/auth/cloud-platform"]
[debug] [2023-09-11T12:33:31.897Z] > authorizing via signed-in user (kekanaodirile@gmail.com)
[debug] [2023-09-11T12:33:31.898Z] [iam] checking project hotelapp-25306 for permissions ["firebase.projects.get","firebasehosting.sites.update"]
[debug] [2023-09-11T12:33:31.899Z] >>> [apiv2][query] POST https://cloudresourcemanager.googleapis.com/v1/projects/hotelapp-25306:testIamPermissions [none]
[debug] [2023-09-11T12:33:31.899Z] >>> [apiv2][(partial)header] POST https://cloudresourcemanager.googleapis.com/v1/projects/hotelapp-25306:testIamPermissions x-goog-quota-user=projects/hotelapp-25306
[debug] [2023-09-11T12:33:31.899Z] >>> [apiv2][body] POST https://cloudresourcemanager.googleapis.com/v1/projects/hotelapp-25306:testIamPermissions {"permissions":["firebase.projects.get","firebasehosting.sites.update"]}
[debug] [2023-09-11T12:33:32.539Z] <<< [apiv2][status] GET https://firebase-public.firebaseio.com/cli.json 200
[debug] [2023-09-11T12:33:32.540Z] <<< [apiv2][body] GET https://firebase-public.firebaseio.com/cli.json {"cloudBuildErrorAfter":1594252800000,"cloudBuildWarnAfter":1590019200000,"defaultNode10After":1594252800000,"minVersion":"3.0.5","node8DeploysDisabledAfter":1613390400000,"node8RuntimeDisabledAfter":1615809600000,"node8WarnAfter":1600128000000}
[debug] [2023-09-11T12:33:53.212Z] *** [apiv2] error from fetch(https://cloudresourcemanager.googleapis.com/v1/projects/hotelapp-25306:testIamPermissions, {"headers":{},"method":"POST","body":"{\"permissions\":[\"firebase.projects.get\",\"firebasehosting.sites.update\"]}"}): FetchError: request to https://cloudresourcemanager.googleapis.com/v1/projects/hotelapp-25306:testIamPermissions failed, reason: connect ETIMEDOUT 142.251.216.74:443
[debug] [2023-09-11T12:33:53.214Z] [iam] error while checking permissions, command may fail: FirebaseError: Failed to make request to https://cloudresourcemanager.googleapis.com/v1/projects/hotelapp-25306:testIamPermissions
[debug] [2023-09-11T12:33:53.220Z] >>> [apiv2][query] GET https://firebase.googleapis.com/v1beta1/projects/hotelapp-25306 [none]
[debug] [2023-09-11T12:34:14.332Z] *** [apiv2] error from fetch(https://firebase.googleapis.com/v1beta1/projects/hotelapp-25306, {"headers":{},"method":"GET","signal":{}}): FetchError: request to https://firebase.googleapis.com/v1beta1/projects/hotelapp-25306 failed, reason: connect ETIMEDOUT 142.251.47.74:443
[debug] [2023-09-11T12:34:14.333Z] Failed to make request to https://firebase.googleapis.com/v1beta1/projects/hotelapp-25306 (original: request to https://firebase.googleapis.com/v1beta1/projects/hotelapp-25306 failed, reason: connect ETIMEDOUT 142.251.47.74:443)
[debug] [2023-09-11T12:34:14.776Z] FirebaseError: Failed to make request to https://firebase.googleapis.com/v1beta1/projects/hotelapp-25306
    at RetryOperation._fn (C:\Users\Admin\AppData\Roaming\npm\node_modules\firebase-tools\lib\apiv2.js:239:31)
    at process.processTicksAndRejections (node:internal/process/task_queues:95:5)
[error] 
[error] Error: Failed to get Firebase project hotelapp-25306. Please make sure the project exists and your account has permission to access it.
